[2025-10-27 18:24:00,309] 18 root - INFO - Initiate the data ingestion
[2025-10-27 18:24:00,310] 31 root - INFO - Export MongoDB collection as a pandas dataframe
[2025-10-27 18:24:06,541] 45 root - INFO - Connected to MongoDB database: SANJEEV and collection: Networkdata
[2025-10-27 18:24:06,593] 60 root - INFO - Exported data into feature store at D:\SANJEEV KUMAR\END TO END MASTER PROJECT\Network Security\artifact\10272025__182400\data_ingestion\feature_store\phisingData.csv
[2025-10-27 18:24:06,641] 75 root - INFO - Split data into train and test set at D:\SANJEEV KUMAR\END TO END MASTER PROJECT\Network Security\artifact\10272025__182400\data_ingestion\ingested\train.csv and D:\SANJEEV KUMAR\END TO END MASTER PROJECT\Network Security\artifact\10272025__182400\data_ingestion\ingested\test.csv
[2025-10-27 18:24:06,642] 21 root - INFO - Data Ingestion artifact:DataIngestionArtifact(train_file_path='D:\\SANJEEV KUMAR\\END TO END MASTER PROJECT\\Network Security\\artifact\\10272025__182400\\data_ingestion\\ingested\\train.csv', test_file_path='D:\\SANJEEV KUMAR\\END TO END MASTER PROJECT\\Network Security\\artifact\\10272025__182400\\data_ingestion\\ingested\\test.csv')
[2025-10-27 18:24:06,642] 22 root - INFO - Data ingestion completed and moving to data validation
[2025-10-27 18:24:06,643] 17 root - INFO - >>>>>>>>>>>>>>>>>>>>>>>>>>>>>>>>>>>>>>>> Data Validation <<<<<<<<<<<<<<<<<<<<<<<<<<<<<<<<<<<<<<<<
[2025-10-27 18:24:06,647] 25 root - INFO - Initiate the data validation
[2025-10-27 18:24:06,721] 35 root - INFO - Required number of columns: 31
[2025-10-27 18:24:06,721] 36 root - INFO - Dataframe has columns: 31
[2025-10-27 18:24:06,722] 52 root - INFO - Same distribution having_IP_Address
[2025-10-27 18:24:06,725] 52 root - INFO - Same distribution URL_Length
[2025-10-27 18:24:06,726] 52 root - INFO - Same distribution Shortining_Service
[2025-10-27 18:24:06,727] 52 root - INFO - Same distribution having_At_Symbol
[2025-10-27 18:24:06,728] 52 root - INFO - Same distribution double_slash_redirecting
[2025-10-27 18:24:06,731] 52 root - INFO - Same distribution Prefix_Suffix
[2025-10-27 18:24:06,733] 52 root - INFO - Same distribution having_Sub_Domain
[2025-10-27 18:24:06,737] 52 root - INFO - Same distribution SSLfinal_State
[2025-10-27 18:24:06,740] 52 root - INFO - Same distribution Domain_registeration_length
[2025-10-27 18:24:06,741] 52 root - INFO - Same distribution Favicon
[2025-10-27 18:24:06,742] 52 root - INFO - Same distribution port
[2025-10-27 18:24:06,744] 52 root - INFO - Same distribution HTTPS_token
[2025-10-27 18:24:06,749] 52 root - INFO - Same distribution Request_URL
[2025-10-27 18:24:06,751] 52 root - INFO - Same distribution URL_of_Anchor
[2025-10-27 18:24:06,754] 52 root - INFO - Same distribution Links_in_tags
[2025-10-27 18:24:06,756] 52 root - INFO - Same distribution SFH
[2025-10-27 18:24:06,758] 52 root - INFO - Same distribution Submitting_to_email
[2025-10-27 18:24:06,759] 52 root - INFO - Same distribution Abnormal_URL
[2025-10-27 18:24:06,760] 52 root - INFO - Same distribution Redirect
[2025-10-27 18:24:06,761] 52 root - INFO - Same distribution on_mouseover
[2025-10-27 18:24:06,762] 52 root - INFO - Same distribution RightClick
[2025-10-27 18:24:06,763] 52 root - INFO - Same distribution popUpWidnow
[2025-10-27 18:24:06,764] 52 root - INFO - Same distribution Iframe
[2025-10-27 18:24:06,767] 52 root - INFO - Same distribution age_of_domain
[2025-10-27 18:24:06,768] 52 root - INFO - Same distribution DNSRecord
[2025-10-27 18:24:06,773] 52 root - INFO - Same distribution web_traffic
[2025-10-27 18:24:06,777] 52 root - INFO - Same distribution Page_Rank
[2025-10-27 18:24:06,778] 52 root - INFO - Same distribution Google_Index
[2025-10-27 18:24:06,781] 52 root - INFO - Same distribution Links_pointing_to_page
[2025-10-27 18:24:06,782] 52 root - INFO - Same distribution Statistical_report
[2025-10-27 18:24:06,785] 52 root - INFO - Same distribution Result
[2025-10-27 18:24:06,839] 27 root - INFO - >>data validation completed  <<
[2025-10-27 18:24:06,840] 23 root - INFO - >>>>>>>>>>>>>>>>>>>>>>>>>>>>>>>>>>>>>>>> Data Transformation <<<<<<<<<<<<<<<<<<<<<<<<<<<<<<<<<<<<<<<<
[2025-10-27 18:24:06,840] 32 root - INFO - Initiate the data transformation
[2025-10-27 18:24:06,840] 49 root - INFO - Reading training and test data
[2025-10-27 18:24:06,891] 38 root - INFO - entre the get data transformer object method
[2025-10-27 18:24:06,891] 61 root - INFO - Applying preprocessing object on training and testing dataframe
[2025-10-27 18:24:06,898] 69 root - INFO - Saved transformed training and testing array
[2025-10-27 18:24:06,907] 82 root - INFO - Data transformation artifact:DataTransformationArtifact(transformed_train_file_path='D:\\SANJEEV KUMAR\\END TO END MASTER PROJECT\\Network Security\\artifact\\10272025__182400\\data_transformation\\transformed\\train.npy', transformed_test_file_path='D:\\SANJEEV KUMAR\\END TO END MASTER PROJECT\\Network Security\\artifact\\10272025__182400\\data_transformation\\transformed\\test.npy', preprocessed_object_file_path='D:\\SANJEEV KUMAR\\END TO END MASTER PROJECT\\Network Security\\artifact\\10272025__182400\\data_transformation\\transformed_object\\preprocessing.pkl')
[2025-10-27 18:24:06,908] 34 root - INFO - Data transformation artifact:DataTransformationArtifact(transformed_train_file_path='D:\\SANJEEV KUMAR\\END TO END MASTER PROJECT\\Network Security\\artifact\\10272025__182400\\data_transformation\\transformed\\train.npy', transformed_test_file_path='D:\\SANJEEV KUMAR\\END TO END MASTER PROJECT\\Network Security\\artifact\\10272025__182400\\data_transformation\\transformed\\test.npy', preprocessed_object_file_path='D:\\SANJEEV KUMAR\\END TO END MASTER PROJECT\\Network Security\\artifact\\10272025__182400\\data_transformation\\transformed_object\\preprocessing.pkl')
[2025-10-27 18:24:06,908] 35 root - INFO - >>data transformation completed  <<
[2025-10-27 18:24:06,908] 40 root - INFO - Initiate the model trainer
[2025-10-27 18:24:12,492] 134 root - INFO - Random Forest : Train Score : 0.9620128335776966 Test Score : 0.8562586474186934
[2025-10-27 18:24:12,624] 134 root - INFO - Decision Tree : Train Score : 0.9620128335776966 Test Score : 0.8488872960042675
[2025-10-27 18:24:29,538] 134 root - INFO - AdaBoost : Train Score : 0.6983910521409893 Test Score : 0.7014602677157479
[2025-10-27 18:24:29,669] 134 root - INFO - Logistic Regression : Train Score : 0.7166981202963162 Test Score : 0.6922460784477154
[2025-10-27 18:24:29,784] 122 root - INFO - classification train metric:ClassificationMetricArtifact(f1_score=0.9915538821613921, precision_score=0.989238578680203, recall_score=0.9938800489596084)
