[2025-10-27 18:20:23,545] 18 root - INFO - Initiate the data ingestion
[2025-10-27 18:20:23,545] 31 root - INFO - Export MongoDB collection as a pandas dataframe
[2025-10-27 18:20:28,217] 45 root - INFO - Connected to MongoDB database: SANJEEV and collection: Networkdata
[2025-10-27 18:20:28,297] 60 root - INFO - Exported data into feature store at D:\SANJEEV KUMAR\END TO END MASTER PROJECT\Network Security\artifact\10272025__182023\data_ingestion\feature_store\phisingData.csv
[2025-10-27 18:20:28,364] 75 root - INFO - Split data into train and test set at D:\SANJEEV KUMAR\END TO END MASTER PROJECT\Network Security\artifact\10272025__182023\data_ingestion\ingested\train.csv and D:\SANJEEV KUMAR\END TO END MASTER PROJECT\Network Security\artifact\10272025__182023\data_ingestion\ingested\test.csv
[2025-10-27 18:20:28,365] 21 root - INFO - Data Ingestion artifact:DataIngestionArtifact(train_file_path='D:\\SANJEEV KUMAR\\END TO END MASTER PROJECT\\Network Security\\artifact\\10272025__182023\\data_ingestion\\ingested\\train.csv', test_file_path='D:\\SANJEEV KUMAR\\END TO END MASTER PROJECT\\Network Security\\artifact\\10272025__182023\\data_ingestion\\ingested\\test.csv')
[2025-10-27 18:20:28,365] 22 root - INFO - Data ingestion completed and moving to data validation
[2025-10-27 18:20:28,365] 17 root - INFO - >>>>>>>>>>>>>>>>>>>>>>>>>>>>>>>>>>>>>>>> Data Validation <<<<<<<<<<<<<<<<<<<<<<<<<<<<<<<<<<<<<<<<
[2025-10-27 18:20:28,371] 25 root - INFO - Initiate the data validation
[2025-10-27 18:20:28,437] 35 root - INFO - Required number of columns: 31
[2025-10-27 18:20:28,437] 36 root - INFO - Dataframe has columns: 31
[2025-10-27 18:20:28,439] 52 root - INFO - Same distribution having_IP_Address
[2025-10-27 18:20:28,442] 52 root - INFO - Same distribution URL_Length
[2025-10-27 18:20:28,443] 52 root - INFO - Same distribution Shortining_Service
[2025-10-27 18:20:28,444] 52 root - INFO - Same distribution having_At_Symbol
[2025-10-27 18:20:28,446] 52 root - INFO - Same distribution double_slash_redirecting
[2025-10-27 18:20:28,449] 52 root - INFO - Same distribution Prefix_Suffix
[2025-10-27 18:20:28,451] 52 root - INFO - Same distribution having_Sub_Domain
[2025-10-27 18:20:28,456] 52 root - INFO - Same distribution SSLfinal_State
[2025-10-27 18:20:28,459] 52 root - INFO - Same distribution Domain_registeration_length
[2025-10-27 18:20:28,460] 52 root - INFO - Same distribution Favicon
[2025-10-27 18:20:28,461] 52 root - INFO - Same distribution port
[2025-10-27 18:20:28,462] 52 root - INFO - Same distribution HTTPS_token
[2025-10-27 18:20:28,468] 52 root - INFO - Same distribution Request_URL
[2025-10-27 18:20:28,470] 52 root - INFO - Same distribution URL_of_Anchor
[2025-10-27 18:20:28,473] 52 root - INFO - Same distribution Links_in_tags
[2025-10-27 18:20:28,475] 52 root - INFO - Same distribution SFH
[2025-10-27 18:20:28,476] 52 root - INFO - Same distribution Submitting_to_email
[2025-10-27 18:20:28,477] 52 root - INFO - Same distribution Abnormal_URL
[2025-10-27 18:20:28,479] 52 root - INFO - Same distribution Redirect
[2025-10-27 18:20:28,480] 52 root - INFO - Same distribution on_mouseover
[2025-10-27 18:20:28,481] 52 root - INFO - Same distribution RightClick
[2025-10-27 18:20:28,482] 52 root - INFO - Same distribution popUpWidnow
[2025-10-27 18:20:28,483] 52 root - INFO - Same distribution Iframe
[2025-10-27 18:20:28,486] 52 root - INFO - Same distribution age_of_domain
[2025-10-27 18:20:28,487] 52 root - INFO - Same distribution DNSRecord
[2025-10-27 18:20:28,491] 52 root - INFO - Same distribution web_traffic
[2025-10-27 18:20:28,494] 52 root - INFO - Same distribution Page_Rank
[2025-10-27 18:20:28,496] 52 root - INFO - Same distribution Google_Index
[2025-10-27 18:20:28,498] 52 root - INFO - Same distribution Links_pointing_to_page
[2025-10-27 18:20:28,499] 52 root - INFO - Same distribution Statistical_report
[2025-10-27 18:20:28,503] 52 root - INFO - Same distribution Result
[2025-10-27 18:20:28,553] 27 root - INFO - >>data validation completed  <<
[2025-10-27 18:20:28,553] 23 root - INFO - >>>>>>>>>>>>>>>>>>>>>>>>>>>>>>>>>>>>>>>> Data Transformation <<<<<<<<<<<<<<<<<<<<<<<<<<<<<<<<<<<<<<<<
[2025-10-27 18:20:28,553] 32 root - INFO - Initiate the data transformation
[2025-10-27 18:20:28,553] 49 root - INFO - Reading training and test data
[2025-10-27 18:20:28,636] 38 root - INFO - entre the get data transformer object method
[2025-10-27 18:20:28,636] 61 root - INFO - Applying preprocessing object on training and testing dataframe
[2025-10-27 18:20:28,642] 69 root - INFO - Saved transformed training and testing array
[2025-10-27 18:20:28,652] 82 root - INFO - Data transformation artifact:DataTransformationArtifact(transformed_train_file_path='D:\\SANJEEV KUMAR\\END TO END MASTER PROJECT\\Network Security\\artifact\\10272025__182023\\data_transformation\\transformed\\train.npy', transformed_test_file_path='D:\\SANJEEV KUMAR\\END TO END MASTER PROJECT\\Network Security\\artifact\\10272025__182023\\data_transformation\\transformed\\test.npy', preprocessed_object_file_path='D:\\SANJEEV KUMAR\\END TO END MASTER PROJECT\\Network Security\\artifact\\10272025__182023\\data_transformation\\transformed_object\\preprocessing.pkl')
[2025-10-27 18:20:28,653] 34 root - INFO - Data transformation artifact:DataTransformationArtifact(transformed_train_file_path='D:\\SANJEEV KUMAR\\END TO END MASTER PROJECT\\Network Security\\artifact\\10272025__182023\\data_transformation\\transformed\\train.npy', transformed_test_file_path='D:\\SANJEEV KUMAR\\END TO END MASTER PROJECT\\Network Security\\artifact\\10272025__182023\\data_transformation\\transformed\\test.npy', preprocessed_object_file_path='D:\\SANJEEV KUMAR\\END TO END MASTER PROJECT\\Network Security\\artifact\\10272025__182023\\data_transformation\\transformed_object\\preprocessing.pkl')
[2025-10-27 18:20:28,653] 35 root - INFO - >>data transformation completed  <<
[2025-10-27 18:20:28,653] 40 root - INFO - Initiate the model trainer
[2025-10-27 18:20:35,354] 134 root - INFO - Random Forest : Train Score : 0.9620128335776966 Test Score : 0.8654728366867259
[2025-10-27 18:20:35,484] 134 root - INFO - Decision Tree : Train Score : 0.9620128335776966 Test Score : 0.8452016202970545
[2025-10-27 18:20:52,598] 134 root - INFO - AdaBoost : Train Score : 0.6983910521409893 Test Score : 0.7014602677157479
[2025-10-27 18:20:52,712] 134 root - INFO - Logistic Regression : Train Score : 0.7166981202963162 Test Score : 0.6922460784477154
[2025-10-27 18:20:52,928] 122 root - INFO - classification train metric:ClassificationMetricArtifact(f1_score=0.991560752414845, precision_score=0.9884451652138658, recall_score=0.9946960424316605)
