[2025-10-27 18:45:14,436] 18 root - INFO - Initiate the data ingestion
[2025-10-27 18:45:14,437] 31 root - INFO - Export MongoDB collection as a pandas dataframe
[2025-10-27 18:45:19,659] 45 root - INFO - Connected to MongoDB database: SANJEEV and collection: Networkdata
[2025-10-27 18:45:19,704] 60 root - INFO - Exported data into feature store at D:\SANJEEV KUMAR\END TO END MASTER PROJECT\Network Security\artifact\10272025__184514\data_ingestion\feature_store\phisingData.csv
[2025-10-27 18:45:19,756] 75 root - INFO - Split data into train and test set at D:\SANJEEV KUMAR\END TO END MASTER PROJECT\Network Security\artifact\10272025__184514\data_ingestion\ingested\train.csv and D:\SANJEEV KUMAR\END TO END MASTER PROJECT\Network Security\artifact\10272025__184514\data_ingestion\ingested\test.csv
[2025-10-27 18:45:19,757] 21 root - INFO - Data Ingestion artifact:DataIngestionArtifact(train_file_path='D:\\SANJEEV KUMAR\\END TO END MASTER PROJECT\\Network Security\\artifact\\10272025__184514\\data_ingestion\\ingested\\train.csv', test_file_path='D:\\SANJEEV KUMAR\\END TO END MASTER PROJECT\\Network Security\\artifact\\10272025__184514\\data_ingestion\\ingested\\test.csv')
[2025-10-27 18:45:19,757] 22 root - INFO - Data ingestion completed and moving to data validation
[2025-10-27 18:45:19,757] 17 root - INFO - >>>>>>>>>>>>>>>>>>>>>>>>>>>>>>>>>>>>>>>> Data Validation <<<<<<<<<<<<<<<<<<<<<<<<<<<<<<<<<<<<<<<<
[2025-10-27 18:45:19,762] 25 root - INFO - Initiate the data validation
[2025-10-27 18:45:19,827] 35 root - INFO - Required number of columns: 31
[2025-10-27 18:45:19,827] 36 root - INFO - Dataframe has columns: 31
[2025-10-27 18:45:19,834] 52 root - INFO - Same distribution having_IP_Address
[2025-10-27 18:45:19,838] 52 root - INFO - Same distribution URL_Length
[2025-10-27 18:45:19,839] 52 root - INFO - Same distribution Shortining_Service
[2025-10-27 18:45:19,840] 52 root - INFO - Same distribution having_At_Symbol
[2025-10-27 18:45:19,841] 52 root - INFO - Same distribution double_slash_redirecting
[2025-10-27 18:45:19,844] 52 root - INFO - Same distribution Prefix_Suffix
[2025-10-27 18:45:19,846] 52 root - INFO - Same distribution having_Sub_Domain
[2025-10-27 18:45:19,850] 52 root - INFO - Same distribution SSLfinal_State
[2025-10-27 18:45:19,853] 52 root - INFO - Same distribution Domain_registeration_length
[2025-10-27 18:45:19,855] 52 root - INFO - Same distribution Favicon
[2025-10-27 18:45:19,855] 52 root - INFO - Same distribution port
[2025-10-27 18:45:19,857] 52 root - INFO - Same distribution HTTPS_token
[2025-10-27 18:45:19,862] 52 root - INFO - Same distribution Request_URL
[2025-10-27 18:45:19,865] 52 root - INFO - Same distribution URL_of_Anchor
[2025-10-27 18:45:19,867] 52 root - INFO - Same distribution Links_in_tags
[2025-10-27 18:45:19,869] 52 root - INFO - Same distribution SFH
[2025-10-27 18:45:19,871] 52 root - INFO - Same distribution Submitting_to_email
[2025-10-27 18:45:19,872] 52 root - INFO - Same distribution Abnormal_URL
[2025-10-27 18:45:19,873] 52 root - INFO - Same distribution Redirect
[2025-10-27 18:45:19,874] 52 root - INFO - Same distribution on_mouseover
[2025-10-27 18:45:19,875] 52 root - INFO - Same distribution RightClick
[2025-10-27 18:45:19,876] 52 root - INFO - Same distribution popUpWidnow
[2025-10-27 18:45:19,877] 52 root - INFO - Same distribution Iframe
[2025-10-27 18:45:19,880] 52 root - INFO - Same distribution age_of_domain
[2025-10-27 18:45:19,881] 52 root - INFO - Same distribution DNSRecord
[2025-10-27 18:45:19,885] 52 root - INFO - Same distribution web_traffic
[2025-10-27 18:45:19,888] 52 root - INFO - Same distribution Page_Rank
[2025-10-27 18:45:19,890] 52 root - INFO - Same distribution Google_Index
[2025-10-27 18:45:19,892] 52 root - INFO - Same distribution Links_pointing_to_page
[2025-10-27 18:45:19,893] 52 root - INFO - Same distribution Statistical_report
[2025-10-27 18:45:19,896] 52 root - INFO - Same distribution Result
[2025-10-27 18:45:19,949] 27 root - INFO - >>data validation completed  <<
[2025-10-27 18:45:19,949] 23 root - INFO - >>>>>>>>>>>>>>>>>>>>>>>>>>>>>>>>>>>>>>>> Data Transformation <<<<<<<<<<<<<<<<<<<<<<<<<<<<<<<<<<<<<<<<
[2025-10-27 18:45:19,949] 32 root - INFO - Initiate the data transformation
[2025-10-27 18:45:19,949] 49 root - INFO - Reading training and test data
[2025-10-27 18:45:20,018] 38 root - INFO - entre the get data transformer object method
[2025-10-27 18:45:20,018] 61 root - INFO - Applying preprocessing object on training and testing dataframe
[2025-10-27 18:45:20,026] 69 root - INFO - Saved transformed training and testing array
[2025-10-27 18:45:20,034] 82 root - INFO - Data transformation artifact:DataTransformationArtifact(transformed_train_file_path='D:\\SANJEEV KUMAR\\END TO END MASTER PROJECT\\Network Security\\artifact\\10272025__184514\\data_transformation\\transformed\\train.npy', transformed_test_file_path='D:\\SANJEEV KUMAR\\END TO END MASTER PROJECT\\Network Security\\artifact\\10272025__184514\\data_transformation\\transformed\\test.npy', preprocessed_object_file_path='D:\\SANJEEV KUMAR\\END TO END MASTER PROJECT\\Network Security\\artifact\\10272025__184514\\data_transformation\\transformed_object\\preprocessing.pkl')
[2025-10-27 18:45:20,036] 34 root - INFO - Data transformation artifact:DataTransformationArtifact(transformed_train_file_path='D:\\SANJEEV KUMAR\\END TO END MASTER PROJECT\\Network Security\\artifact\\10272025__184514\\data_transformation\\transformed\\train.npy', transformed_test_file_path='D:\\SANJEEV KUMAR\\END TO END MASTER PROJECT\\Network Security\\artifact\\10272025__184514\\data_transformation\\transformed\\test.npy', preprocessed_object_file_path='D:\\SANJEEV KUMAR\\END TO END MASTER PROJECT\\Network Security\\artifact\\10272025__184514\\data_transformation\\transformed_object\\preprocessing.pkl')
[2025-10-27 18:45:20,036] 35 root - INFO - >>data transformation completed  <<
[2025-10-27 18:45:20,036] 40 root - INFO - Initiate the model trainer
[2025-10-27 18:45:24,852] 134 root - INFO - Random Forest : Train Score : 0.9610974801699304 Test Score : 0.8710013502475453
[2025-10-27 18:45:24,989] 134 root - INFO - Decision Tree : Train Score : 0.9620128335776966 Test Score : 0.847044458150661
[2025-10-27 18:45:41,867] 134 root - INFO - AdaBoost : Train Score : 0.6983910521409893 Test Score : 0.7014602677157479
[2025-10-27 18:45:42,007] 134 root - INFO - Logistic Regression : Train Score : 0.7166981202963162 Test Score : 0.6922460784477154
[2025-10-27 18:45:42,042] 122 root - INFO - classification train metric:ClassificationMetricArtifact(f1_score=0.9913573970513472, precision_score=0.988242448814109, recall_score=0.9944920440636474)
[2025-10-27 18:45:50,722] 132 root - INFO - classification test metric:ClassificationMetricArtifact(f1_score=0.9722882026920031, precision_score=0.966168371361133, recall_score=0.9784860557768924)
[2025-10-27 18:45:55,451] 149 root - INFO - MODEL TRAINER ARTIFACT:ModelTrainerArtifact(trained_model_file_path='D:\\SANJEEV KUMAR\\END TO END MASTER PROJECT\\Network Security\\artifact\\10272025__184514\\model_trainer\\model_trainer\\model.pkl', train_metric_artifact=ClassificationMetricArtifact(f1_score=0.9913573970513472, precision_score=0.988242448814109, recall_score=0.9944920440636474), test_metric_artifact=ClassificationMetricArtifact(f1_score=0.9722882026920031, precision_score=0.966168371361133, recall_score=0.9784860557768924))
[2025-10-27 18:45:55,452] 42 root - INFO - Model trainer artifact:None
[2025-10-27 18:45:55,452] 43 root - INFO - >>>>>>>>>>>>>>>>>>>model training completed  <<<<<<<<<<<<<<<<<<<<<<<<<<<<<<
