[2025-10-27 18:26:13,803] 18 root - INFO - Initiate the data ingestion
[2025-10-27 18:26:13,804] 31 root - INFO - Export MongoDB collection as a pandas dataframe
[2025-10-27 18:26:19,172] 45 root - INFO - Connected to MongoDB database: SANJEEV and collection: Networkdata
[2025-10-27 18:26:19,220] 60 root - INFO - Exported data into feature store at D:\SANJEEV KUMAR\END TO END MASTER PROJECT\Network Security\artifact\10272025__182613\data_ingestion\feature_store\phisingData.csv
[2025-10-27 18:26:19,269] 75 root - INFO - Split data into train and test set at D:\SANJEEV KUMAR\END TO END MASTER PROJECT\Network Security\artifact\10272025__182613\data_ingestion\ingested\train.csv and D:\SANJEEV KUMAR\END TO END MASTER PROJECT\Network Security\artifact\10272025__182613\data_ingestion\ingested\test.csv
[2025-10-27 18:26:19,270] 21 root - INFO - Data Ingestion artifact:DataIngestionArtifact(train_file_path='D:\\SANJEEV KUMAR\\END TO END MASTER PROJECT\\Network Security\\artifact\\10272025__182613\\data_ingestion\\ingested\\train.csv', test_file_path='D:\\SANJEEV KUMAR\\END TO END MASTER PROJECT\\Network Security\\artifact\\10272025__182613\\data_ingestion\\ingested\\test.csv')
[2025-10-27 18:26:19,270] 22 root - INFO - Data ingestion completed and moving to data validation
[2025-10-27 18:26:19,270] 17 root - INFO - >>>>>>>>>>>>>>>>>>>>>>>>>>>>>>>>>>>>>>>> Data Validation <<<<<<<<<<<<<<<<<<<<<<<<<<<<<<<<<<<<<<<<
[2025-10-27 18:26:19,274] 25 root - INFO - Initiate the data validation
[2025-10-27 18:26:19,328] 35 root - INFO - Required number of columns: 31
[2025-10-27 18:26:19,328] 36 root - INFO - Dataframe has columns: 31
[2025-10-27 18:26:19,331] 52 root - INFO - Same distribution having_IP_Address
[2025-10-27 18:26:19,334] 52 root - INFO - Same distribution URL_Length
[2025-10-27 18:26:19,335] 52 root - INFO - Same distribution Shortining_Service
[2025-10-27 18:26:19,336] 52 root - INFO - Same distribution having_At_Symbol
[2025-10-27 18:26:19,337] 52 root - INFO - Same distribution double_slash_redirecting
[2025-10-27 18:26:19,340] 52 root - INFO - Same distribution Prefix_Suffix
[2025-10-27 18:26:19,342] 52 root - INFO - Same distribution having_Sub_Domain
[2025-10-27 18:26:19,347] 52 root - INFO - Same distribution SSLfinal_State
[2025-10-27 18:26:19,351] 52 root - INFO - Same distribution Domain_registeration_length
[2025-10-27 18:26:19,352] 52 root - INFO - Same distribution Favicon
[2025-10-27 18:26:19,353] 52 root - INFO - Same distribution port
[2025-10-27 18:26:19,354] 52 root - INFO - Same distribution HTTPS_token
[2025-10-27 18:26:19,361] 52 root - INFO - Same distribution Request_URL
[2025-10-27 18:26:19,364] 52 root - INFO - Same distribution URL_of_Anchor
[2025-10-27 18:26:19,367] 52 root - INFO - Same distribution Links_in_tags
[2025-10-27 18:26:19,369] 52 root - INFO - Same distribution SFH
[2025-10-27 18:26:19,370] 52 root - INFO - Same distribution Submitting_to_email
[2025-10-27 18:26:19,371] 52 root - INFO - Same distribution Abnormal_URL
[2025-10-27 18:26:19,373] 52 root - INFO - Same distribution Redirect
[2025-10-27 18:26:19,374] 52 root - INFO - Same distribution on_mouseover
[2025-10-27 18:26:19,375] 52 root - INFO - Same distribution RightClick
[2025-10-27 18:26:19,376] 52 root - INFO - Same distribution popUpWidnow
[2025-10-27 18:26:19,377] 52 root - INFO - Same distribution Iframe
[2025-10-27 18:26:19,380] 52 root - INFO - Same distribution age_of_domain
[2025-10-27 18:26:19,381] 52 root - INFO - Same distribution DNSRecord
[2025-10-27 18:26:19,385] 52 root - INFO - Same distribution web_traffic
[2025-10-27 18:26:19,388] 52 root - INFO - Same distribution Page_Rank
[2025-10-27 18:26:19,390] 52 root - INFO - Same distribution Google_Index
[2025-10-27 18:26:19,393] 52 root - INFO - Same distribution Links_pointing_to_page
[2025-10-27 18:26:19,393] 52 root - INFO - Same distribution Statistical_report
[2025-10-27 18:26:19,397] 52 root - INFO - Same distribution Result
[2025-10-27 18:26:19,451] 27 root - INFO - >>data validation completed  <<
[2025-10-27 18:26:19,451] 23 root - INFO - >>>>>>>>>>>>>>>>>>>>>>>>>>>>>>>>>>>>>>>> Data Transformation <<<<<<<<<<<<<<<<<<<<<<<<<<<<<<<<<<<<<<<<
[2025-10-27 18:26:19,451] 32 root - INFO - Initiate the data transformation
[2025-10-27 18:26:19,451] 49 root - INFO - Reading training and test data
[2025-10-27 18:26:19,515] 38 root - INFO - entre the get data transformer object method
[2025-10-27 18:26:19,515] 61 root - INFO - Applying preprocessing object on training and testing dataframe
[2025-10-27 18:26:19,522] 69 root - INFO - Saved transformed training and testing array
[2025-10-27 18:26:19,533] 82 root - INFO - Data transformation artifact:DataTransformationArtifact(transformed_train_file_path='D:\\SANJEEV KUMAR\\END TO END MASTER PROJECT\\Network Security\\artifact\\10272025__182613\\data_transformation\\transformed\\train.npy', transformed_test_file_path='D:\\SANJEEV KUMAR\\END TO END MASTER PROJECT\\Network Security\\artifact\\10272025__182613\\data_transformation\\transformed\\test.npy', preprocessed_object_file_path='D:\\SANJEEV KUMAR\\END TO END MASTER PROJECT\\Network Security\\artifact\\10272025__182613\\data_transformation\\transformed_object\\preprocessing.pkl')
[2025-10-27 18:26:19,534] 34 root - INFO - Data transformation artifact:DataTransformationArtifact(transformed_train_file_path='D:\\SANJEEV KUMAR\\END TO END MASTER PROJECT\\Network Security\\artifact\\10272025__182613\\data_transformation\\transformed\\train.npy', transformed_test_file_path='D:\\SANJEEV KUMAR\\END TO END MASTER PROJECT\\Network Security\\artifact\\10272025__182613\\data_transformation\\transformed\\test.npy', preprocessed_object_file_path='D:\\SANJEEV KUMAR\\END TO END MASTER PROJECT\\Network Security\\artifact\\10272025__182613\\data_transformation\\transformed_object\\preprocessing.pkl')
[2025-10-27 18:26:19,534] 35 root - INFO - >>data transformation completed  <<
[2025-10-27 18:26:19,534] 40 root - INFO - Initiate the model trainer
[2025-10-27 18:26:25,160] 134 root - INFO - Random Forest : Train Score : 0.9620128335776966 Test Score : 0.8599443231259064
[2025-10-27 18:26:25,299] 134 root - INFO - Decision Tree : Train Score : 0.9620128335776966 Test Score : 0.8415159445898415
[2025-10-27 18:26:42,278] 134 root - INFO - AdaBoost : Train Score : 0.6983910521409893 Test Score : 0.7014602677157479
[2025-10-27 18:26:42,416] 134 root - INFO - Logistic Regression : Train Score : 0.7166981202963162 Test Score : 0.6922460784477154
[2025-10-27 18:26:42,547] 122 root - INFO - classification train metric:ClassificationMetricArtifact(f1_score=0.991559035899522, precision_score=0.9886432772257149, recall_score=0.9944920440636474)
[2025-10-27 18:26:51,261] 134 root - INFO - classification test metric:ClassificationMetricArtifact(f1_score=0.9699604743083003, precision_score=0.9623529411764706, recall_score=0.9776892430278884)
[2025-10-27 18:26:56,766] 151 root - INFO - MODEL TRAINER ARTIFACT:ModelTrainerArtifact(trained_model_file_path='D:\\SANJEEV KUMAR\\END TO END MASTER PROJECT\\Network Security\\artifact\\10272025__182613\\model_trainer\\model_trainer\\model.pkl', train_metric_artifact=ClassificationMetricArtifact(f1_score=0.991559035899522, precision_score=0.9886432772257149, recall_score=0.9944920440636474), test_metric_artifact=ClassificationMetricArtifact(f1_score=0.9699604743083003, precision_score=0.9623529411764706, recall_score=0.9776892430278884))
[2025-10-27 18:26:56,767] 42 root - INFO - Model trainer artifact:None
[2025-10-27 18:26:56,767] 43 root - INFO - >>>>>>>>>>>>>>>>>>>model training completed  <<<<<<<<<<<<<<<<<<<<<<<<<<<<<<
